{"D:\\backup\\Projects react\\udemy\\restapinode\\src\\router.ts": {"path":"D:\\backup\\Projects react\\udemy\\restapinode\\src\\router.ts","statementMap":{"0":{"start":{"line":1,"column":0},"end":{"line":1,"column":33}},"1":{"start":{"line":2,"column":0},"end":{"line":2,"column":null}},"2":{"start":{"line":10,"column":0},"end":{"line":10,"column":48}},"3":{"start":{"line":11,"column":0},"end":{"line":11,"column":49}},"4":{"start":{"line":13,"column":15},"end":{"line":13,"column":23}},"5":{"start":{"line":15,"column":0},"end":{"line":15,"column":36}},"6":{"start":{"line":17,"column":0},"end":{"line":22,"column":2}},"7":{"start":{"line":24,"column":0},"end":{"line":36,"column":2}},"8":{"start":{"line":32,"column":23},"end":{"line":32,"column":32}},"9":{"start":{"line":38,"column":0},"end":{"line":52,"column":2}},"10":{"start":{"line":47,"column":23},"end":{"line":47,"column":32}},"11":{"start":{"line":54,"column":0},"end":{"line":59,"column":2}},"12":{"start":{"line":61,"column":0},"end":{"line":66,"column":2}},"13":{"start":{"line":68,"column":0},"end":{"line":68,"column":22}}},"fnMap":{"0":{"name":"(anonymous_0)","decl":{"start":{"line":32,"column":12},"end":{"line":32,"column":13}},"loc":{"start":{"line":32,"column":23},"end":{"line":32,"column":32}}},"1":{"name":"(anonymous_1)","decl":{"start":{"line":47,"column":12},"end":{"line":47,"column":13}},"loc":{"start":{"line":47,"column":23},"end":{"line":47,"column":32}}}},"branchMap":{},"s":{"0":2,"1":2,"2":2,"3":2,"4":2,"5":2,"6":2,"7":2,"8":3,"9":2,"10":5,"11":2,"12":2,"13":2},"f":{"0":3,"1":5},"b":{}}
,"D:\\backup\\Projects react\\udemy\\restapinode\\src\\server.ts": {"path":"D:\\backup\\Projects react\\udemy\\restapinode\\src\\server.ts","statementMap":{"0":{"start":{"line":6,"column":0},"end":{"line":6,"column":7}},"1":{"start":{"line":1,"column":0},"end":{"line":1,"column":30}},"2":{"start":{"line":2,"column":0},"end":{"line":2,"column":30}},"3":{"start":{"line":3,"column":0},"end":{"line":3,"column":29}},"4":{"start":{"line":4,"column":0},"end":{"line":4,"column":28}},"5":{"start":{"line":7,"column":2},"end":{"line":13,"column":3}},"6":{"start":{"line":8,"column":4},"end":{"line":8,"column":28}},"7":{"start":{"line":9,"column":4},"end":{"line":9,"column":14}},"8":{"start":{"line":12,"column":4},"end":{"line":12,"column":70}},"9":{"start":{"line":16,"column":0},"end":{"line":16,"column":12}},"10":{"start":{"line":18,"column":15},"end":{"line":18,"column":24}},"11":{"start":{"line":20,"column":0},"end":{"line":20,"column":27}},"12":{"start":{"line":22,"column":0},"end":{"line":22,"column":24}},"13":{"start":{"line":24,"column":0},"end":{"line":26,"column":3}},"14":{"start":{"line":25,"column":2},"end":{"line":25,"column":34}},"15":{"start":{"line":27,"column":0},"end":{"line":27,"column":22}}},"fnMap":{"0":{"name":"connectDB","decl":{"start":{"line":6,"column":22},"end":{"line":6,"column":31}},"loc":{"start":{"line":6,"column":31},"end":{"line":14,"column":1}}},"1":{"name":"(anonymous_2)","decl":{"start":{"line":24,"column":19},"end":{"line":24,"column":20}},"loc":{"start":{"line":24,"column":32},"end":{"line":26,"column":1}}}},"branchMap":{},"s":{"0":2,"1":2,"2":2,"3":2,"4":2,"5":3,"6":3,"7":2,"8":1,"9":2,"10":2,"11":2,"12":2,"13":2,"14":1,"15":2},"f":{"0":3,"1":1},"b":{}}
,"D:\\backup\\Projects react\\udemy\\restapinode\\src\\config\\db.ts": {"path":"D:\\backup\\Projects react\\udemy\\restapinode\\src\\config\\db.ts","statementMap":{"0":{"start":{"line":1,"column":0},"end":{"line":1,"column":49}},"1":{"start":{"line":2,"column":0},"end":{"line":2,"column":28}},"2":{"start":{"line":3,"column":0},"end":{"line":3,"column":16}},"3":{"start":{"line":5,"column":11},"end":{"line":8,"column":2}},"4":{"start":{"line":10,"column":0},"end":{"line":10,"column":18}}},"fnMap":{},"branchMap":{},"s":{"0":2,"1":2,"2":2,"3":2,"4":2},"f":{},"b":{}}
,"D:\\backup\\Projects react\\udemy\\restapinode\\src\\handlers\\product.ts": {"path":"D:\\backup\\Projects react\\udemy\\restapinode\\src\\handlers\\product.ts","statementMap":{"0":{"start":{"line":2,"column":0},"end":{"line":2,"column":46}},"1":{"start":{"line":4,"column":26},"end":{"line":10,"column":1}},"2":{"start":{"line":5,"column":19},"end":{"line":8,"column":4}},"3":{"start":{"line":9,"column":2},"end":{"line":9,"column":31}},"4":{"start":{"line":4,"column":13},"end":{"line":4,"column":26}},"5":{"start":{"line":12,"column":30},"end":{"line":24,"column":1}},"6":{"start":{"line":13,"column":2},"end":{"line":23,"column":3}},"7":{"start":{"line":14,"column":19},"end":{"line":14,"column":29}},"8":{"start":{"line":15,"column":20},"end":{"line":15,"column":46}},"9":{"start":{"line":17,"column":4},"end":{"line":19,"column":5}},"10":{"start":{"line":18,"column":6},"end":{"line":18,"column":64}},"11":{"start":{"line":20,"column":4},"end":{"line":20,"column":32}},"12":{"start":{"line":22,"column":4},"end":{"line":22,"column":23}},"13":{"start":{"line":12,"column":13},"end":{"line":12,"column":30}},"14":{"start":{"line":26,"column":29},"end":{"line":29,"column":1}},"15":{"start":{"line":27,"column":18},"end":{"line":27,"column":48}},"16":{"start":{"line":28,"column":2},"end":{"line":28,"column":42}},"17":{"start":{"line":26,"column":13},"end":{"line":26,"column":29}},"18":{"start":{"line":31,"column":29},"end":{"line":46,"column":1}},"19":{"start":{"line":32,"column":2},"end":{"line":45,"column":3}},"20":{"start":{"line":33,"column":19},"end":{"line":33,"column":29}},"21":{"start":{"line":34,"column":20},"end":{"line":34,"column":46}},"22":{"start":{"line":36,"column":4},"end":{"line":38,"column":5}},"23":{"start":{"line":37,"column":6},"end":{"line":37,"column":64}},"24":{"start":{"line":39,"column":4},"end":{"line":39,"column":35}},"25":{"start":{"line":40,"column":4},"end":{"line":40,"column":25}},"26":{"start":{"line":42,"column":4},"end":{"line":42,"column":32}},"27":{"start":{"line":44,"column":4},"end":{"line":44,"column":23}},"28":{"start":{"line":31,"column":13},"end":{"line":31,"column":29}},"29":{"start":{"line":48,"column":32},"end":{"line":63,"column":1}},"30":{"start":{"line":49,"column":2},"end":{"line":62,"column":3}},"31":{"start":{"line":50,"column":19},"end":{"line":50,"column":29}},"32":{"start":{"line":51,"column":20},"end":{"line":51,"column":46}},"33":{"start":{"line":53,"column":4},"end":{"line":55,"column":5}},"34":{"start":{"line":54,"column":6},"end":{"line":54,"column":64}},"35":{"start":{"line":56,"column":4},"end":{"line":56,"column":60}},"36":{"start":{"line":57,"column":4},"end":{"line":57,"column":25}},"37":{"start":{"line":59,"column":4},"end":{"line":59,"column":32}},"38":{"start":{"line":61,"column":4},"end":{"line":61,"column":23}},"39":{"start":{"line":48,"column":13},"end":{"line":48,"column":32}},"40":{"start":{"line":65,"column":29},"end":{"line":80,"column":1}},"41":{"start":{"line":66,"column":2},"end":{"line":79,"column":3}},"42":{"start":{"line":67,"column":19},"end":{"line":67,"column":29}},"43":{"start":{"line":68,"column":20},"end":{"line":68,"column":46}},"44":{"start":{"line":70,"column":4},"end":{"line":72,"column":5}},"45":{"start":{"line":71,"column":6},"end":{"line":71,"column":64}},"46":{"start":{"line":74,"column":4},"end":{"line":74,"column":28}},"47":{"start":{"line":76,"column":4},"end":{"line":76,"column":45}},"48":{"start":{"line":78,"column":4},"end":{"line":78,"column":23}},"49":{"start":{"line":65,"column":13},"end":{"line":65,"column":29}}},"fnMap":{"0":{"name":"(anonymous_1)","decl":{"start":{"line":4,"column":26},"end":{"line":4,"column":31}},"loc":{"start":{"line":4,"column":64},"end":{"line":10,"column":1}}},"1":{"name":"(anonymous_2)","decl":{"start":{"line":12,"column":30},"end":{"line":12,"column":35}},"loc":{"start":{"line":12,"column":68},"end":{"line":24,"column":1}}},"2":{"name":"(anonymous_3)","decl":{"start":{"line":26,"column":29},"end":{"line":26,"column":34}},"loc":{"start":{"line":26,"column":67},"end":{"line":29,"column":1}}},"3":{"name":"(anonymous_4)","decl":{"start":{"line":31,"column":29},"end":{"line":31,"column":34}},"loc":{"start":{"line":31,"column":67},"end":{"line":46,"column":1}}},"4":{"name":"(anonymous_5)","decl":{"start":{"line":48,"column":32},"end":{"line":48,"column":37}},"loc":{"start":{"line":48,"column":70},"end":{"line":63,"column":1}}},"5":{"name":"(anonymous_6)","decl":{"start":{"line":65,"column":29},"end":{"line":65,"column":34}},"loc":{"start":{"line":65,"column":67},"end":{"line":80,"column":1}}}},"branchMap":{"0":{"loc":{"start":{"line":17,"column":4},"end":{"line":19,"column":5}},"type":"if","locations":[{"start":{"line":17,"column":4},"end":{"line":19,"column":5}},{"start":{},"end":{}}]},"1":{"loc":{"start":{"line":36,"column":4},"end":{"line":38,"column":5}},"type":"if","locations":[{"start":{"line":36,"column":4},"end":{"line":38,"column":5}},{"start":{},"end":{}}]},"2":{"loc":{"start":{"line":53,"column":4},"end":{"line":55,"column":5}},"type":"if","locations":[{"start":{"line":53,"column":4},"end":{"line":55,"column":5}},{"start":{},"end":{}}]},"3":{"loc":{"start":{"line":70,"column":4},"end":{"line":72,"column":5}},"type":"if","locations":[{"start":{"line":70,"column":4},"end":{"line":72,"column":5}},{"start":{},"end":{}}]}},"s":{"0":2,"1":2,"2":2,"3":2,"4":2,"5":2,"6":2,"7":2,"8":2,"9":2,"10":1,"11":2,"12":1,"13":2,"14":2,"15":1,"16":1,"17":2,"18":2,"19":2,"20":2,"21":2,"22":2,"23":1,"24":2,"25":1,"26":1,"27":1,"28":2,"29":2,"30":2,"31":2,"32":2,"33":2,"34":1,"35":2,"36":1,"37":1,"38":1,"39":2,"40":2,"41":2,"42":2,"43":2,"44":2,"45":1,"46":2,"47":1,"48":1,"49":2},"f":{"0":2,"1":2,"2":1,"3":2,"4":2,"5":2},"b":{"0":[1,1],"1":[1,1],"2":[1,1],"3":[1,1]}}
,"D:\\backup\\Projects react\\udemy\\restapinode\\src\\middleware\\index.ts": {"path":"D:\\backup\\Projects react\\udemy\\restapinode\\src\\middleware\\index.ts","statementMap":{"0":{"start":{"line":1,"column":0},"end":{"line":1,"column":53}},"1":{"start":{"line":4,"column":33},"end":{"line":17,"column":1}},"2":{"start":{"line":9,"column":17},"end":{"line":9,"column":38}},"3":{"start":{"line":11,"column":2},"end":{"line":14,"column":3}},"4":{"start":{"line":12,"column":4},"end":{"line":12,"column":53}},"5":{"start":{"line":13,"column":4},"end":{"line":13,"column":11}},"6":{"start":{"line":16,"column":2},"end":{"line":16,"column":9}},"7":{"start":{"line":4,"column":13},"end":{"line":4,"column":33}}},"fnMap":{"0":{"name":"(anonymous_0)","decl":{"start":{"line":4,"column":33},"end":{"line":4,"column":null}},"loc":{"start":{"line":8,"column":10},"end":{"line":17,"column":1}}}},"branchMap":{"0":{"loc":{"start":{"line":11,"column":2},"end":{"line":14,"column":3}},"type":"if","locations":[{"start":{"line":11,"column":2},"end":{"line":14,"column":3}},{"start":{},"end":{}}]}},"s":{"0":2,"1":2,"2":16,"3":16,"4":7,"5":7,"6":9,"7":2},"f":{"0":16},"b":{"0":[7,9]}}
,"D:\\backup\\Projects react\\udemy\\restapinode\\src\\models\\Product.model.ts": {"path":"D:\\backup\\Projects react\\udemy\\restapinode\\src\\models\\Product.model.ts","statementMap":{"0":{"start":{"line":1,"column":0},"end":{"line":1,"column":79}},"1":{"start":{"line":6,"column":0},"end":{"line":22,"column":null}},"2":{"start":{"line":10,"column":10},"end":{"line":10,"column":null}},"3":{"start":{"line":15,"column":10},"end":{"line":15,"column":null}},"4":{"start":{"line":21,"column":10},"end":{"line":21,"column":null}},"5":{"start":{"line":6,"column":6},"end":{"line":22,"column":null}},"6":{"start":{"line":23,"column":0},"end":{"line":23,"column":23}}},"fnMap":{},"branchMap":{},"s":{"0":3,"1":3,"2":3,"3":3,"4":3,"5":3,"6":3},"f":{},"b":{}}
}
