TN:
SF:src\router.ts
FN:32,(anonymous_0)
FN:47,(anonymous_1)
FNF:2
FNH:2
FNDA:3,(anonymous_0)
FNDA:5,(anonymous_1)
DA:1,2
DA:2,2
DA:10,2
DA:11,2
DA:13,2
DA:15,2
DA:17,2
DA:24,2
DA:32,3
DA:38,2
DA:47,5
DA:54,2
DA:61,2
DA:68,2
LF:14
LH:14
BRF:0
BRH:0
end_of_record
TN:
SF:src\server.ts
FN:6,connectDB
FN:24,(anonymous_2)
FNF:2
FNH:2
FNDA:2,connectDB
FNDA:1,(anonymous_2)
DA:1,2
DA:2,2
DA:3,2
DA:4,2
DA:7,2
DA:8,2
DA:9,1
DA:12,0
DA:16,2
DA:18,2
DA:20,2
DA:22,2
DA:24,2
DA:25,1
DA:27,2
LF:15
LH:14
BRF:0
BRH:0
end_of_record
TN:
SF:src\config\db.ts
FNF:0
FNH:0
DA:1,2
DA:2,2
DA:3,2
DA:5,2
DA:10,2
LF:5
LH:5
BRF:0
BRH:0
end_of_record
TN:
SF:src\handlers\product.ts
FN:4,(anonymous_1)
FN:16,(anonymous_2)
FN:30,(anonymous_3)
FN:39,(anonymous_4)
FN:56,(anonymous_5)
FN:73,(anonymous_6)
FNF:6
FNH:5
FNDA:2,(anonymous_1)
FNDA:2,(anonymous_2)
FNDA:1,(anonymous_3)
FNDA:2,(anonymous_4)
FNDA:0,(anonymous_5)
FNDA:2,(anonymous_6)
DA:2,2
DA:4,2
DA:5,2
DA:6,2
DA:10,2
DA:12,0
DA:16,2
DA:17,2
DA:18,2
DA:19,2
DA:21,2
DA:22,1
DA:24,2
DA:26,1
DA:30,2
DA:31,1
DA:32,1
DA:33,1
DA:35,0
DA:39,2
DA:40,2
DA:41,2
DA:42,2
DA:44,2
DA:45,1
DA:47,2
DA:48,1
DA:50,1
DA:52,1
DA:56,2
DA:57,0
DA:58,0
DA:59,0
DA:61,0
DA:62,0
DA:64,0
DA:65,0
DA:67,0
DA:69,0
DA:73,2
DA:74,2
DA:75,2
DA:76,2
DA:78,2
DA:79,1
DA:82,2
DA:84,1
DA:86,1
LF:48
LH:37
BRDA:21,0,0,1
BRDA:21,0,1,1
BRDA:44,1,0,1
BRDA:44,1,1,1
BRDA:61,2,0,0
BRDA:61,2,1,0
BRDA:78,3,0,1
BRDA:78,3,1,1
BRF:8
BRH:6
end_of_record
TN:
SF:src\middleware\index.ts
FN:4,(anonymous_0)
FNF:1
FNH:1
FNDA:14,(anonymous_0)
DA:1,2
DA:4,2
DA:9,14
DA:11,14
DA:12,7
DA:13,7
DA:16,7
LF:7
LH:7
BRDA:11,0,0,7
BRDA:11,0,1,7
BRF:2
BRH:2
end_of_record
TN:
SF:src\models\Product.model.ts
FNF:0
FNH:0
DA:1,2
DA:6,2
DA:10,2
DA:15,2
DA:21,2
DA:23,2
LF:6
LH:6
BRF:0
BRH:0
end_of_record
